<?xml version="1.0" encoding="UTF-8"?>
<!-- Generated by org.testng.reporters.JUnitReportReporter -->
<testsuite hostname="DESKTOP-5M24EDH" failures="0" tests="3" name="testScipts.DeleteItemTest" time="37.133" errors="0" timestamp="2023-05-23T11:09:20 IST" skipped="0">
  <testcase classname="testScipts.DeleteItemTest" name="login" time="10.578"/>
  <system-out/>
  <testcase classname="testScipts.DeleteItemTest" name="deleteItem" time="16.284"/>
  <system-out/>
  <testcase classname="testScipts.DeleteItemTest" name="viewCartTest" time="10.271"/>
  <system-out/>
</testsuite> <!-- testScipts.DeleteItemTest -->
