<?xml version="1.0" encoding="UTF-8"?>
<!-- Generated by org.testng.reporters.JUnitReportReporter -->
<testsuite hostname="DESKTOP-5M24EDH" failures="0" tests="3" name="testScipts.AddItemTest" time="47.379" errors="0" timestamp="2023-05-23T11:05:32 IST" skipped="0">
  <testcase classname="testScipts.AddItemTest" name="loginTest" time="10.625"/>
  <system-out/>
  <testcase classname="testScipts.AddItemTest" name="addItemTest" time="26.417"/>
  <system-out/>
  <testcase classname="testScipts.AddItemTest" name="viewCartTest" time="10.337"/>
  <system-out/>
</testsuite> <!-- testScipts.AddItemTest -->
