<?xml version="1.0" encoding="UTF-8"?>
<!-- Generated by org.testng.reporters.JUnitReportReporter -->
<testsuite hostname="DESKTOP-5M24EDH" failures="0" tests="3" name="testScipts.PlaceOrderTest" time="59.397" errors="0" timestamp="2023-05-23T11:11:03 IST" skipped="0">
  <testcase classname="testScipts.PlaceOrderTest" name="login" time="10.626"/>
  <system-out/>
  <testcase classname="testScipts.PlaceOrderTest" name="viewCartTest" time="21.020"/>
  <system-out/>
  <testcase classname="testScipts.PlaceOrderTest" name="placeOrder" time="27.751"/>
  <system-out/>
</testsuite> <!-- testScipts.PlaceOrderTest -->
